#
# An unexpected error has been detected by HotSpot Virtual Machine:
#
#  EXCEPTION_ACCESS_VIOLATION (0xc0000005) at pc=0x6d0e73f9, pid=1232, tid=672
#
# Java VM: Java HotSpot(TM) Client VM (1.5.0-beta2-b51 mixed mode, sharing)
# Problematic frame:
# C  [awt.dll+0xe73f9]
#

---------------  T H R E A D  ---------------

Current thread (0x031dff00):  JavaThread "AWT-EventQueue-0" [_thread_in_native, id=672]

siginfo: ExceptionCode=0xc0000005, reading address 0x00000004

Registers:
EAX=0x00000000, EBX=0x032f7ce0, ECX=0x031dffbc, EDX=0x0396f910
ESP=0x0396f918, EBP=0x0396f97c, ESI=0x031dffbc, EDI=0x00000000
EIP=0x6d0e73f9, EFLAGS=0x00010246

Top of Stack: (sp=0x0396f918)
0x0396f918:   032f7ce0 031dffbc 00000000 6d0c780d
0x0396f928:   031dff00 2aaeb990 2b337768 032f7ce0
0x0396f938:   00000200 00000000 00fe0082 33540d91
0x0396f948:   00000082 000000fe 0396f968 00000000
0x0396f958:   22f65628 00000000 00000000 00000001
0x0396f968:   00000020 0396f928 0396fc64 6d0f2bc8
0x0396f978:   00000000 0396f9ac 00a6826f 000001f7
0x0396f988:   0396f9c0 0396f9bc 0396f990 00000000 

Instructions: (pc=0x6d0e73f9)
0x6d0e73e9:   56 8b 0e ff 51 68 85 c0 7d 06 5f 33 c0 5e 59 c3
0x6d0e73f9:   8b 47 04 85 c0 74 15 8b 0d b0 fa 12 6d 8b 16 51 


Stack: [0x03870000,0x03970000),  sp=0x0396f918,  free space=1022k
Native frames: (J=compiled Java code, j=interpreted, Vv=VM code, C=native code)
C  [awt.dll+0xe73f9]
j  sun.awt.windows.WComponentPeer.nativeHandleEvent(Ljava/awt/AWTEvent;)V+0
j  sun.awt.windows.WComponentPeer.handleEvent(Ljava/awt/AWTEvent;)V+69
j  java.awt.Component.dispatchEventImpl(Ljava/awt/AWTEvent;)V+765
J  java.awt.EventQueue.dispatchEvent(Ljava/awt/AWTEvent;)V
J  java.awt.EventDispatchThread.pumpOneEventForHierarchy(ILjava/awt/Component;)Z
v  ~RuntimeStub::alignment_frame_return Runtime1 stub
j  java.awt.EventDispatchThread.pumpEventsForHierarchy(ILjava/awt/Conditional;Ljava/awt/Component;)V+26
j  java.awt.EventDispatchThread.pumpEvents(ILjava/awt/Conditional;)V+4
j  java.awt.EventDispatchThread.pumpEvents(Ljava/awt/Conditional;)V+3
j  java.awt.EventDispatchThread.run()V+9
v  ~StubRoutines::call_stub
V  [jvm.dll+0x81663]
V  [jvm.dll+0xd3b5d]
V  [jvm.dll+0x81534]
V  [jvm.dll+0x81291]
V  [jvm.dll+0x9bd30]
V  [jvm.dll+0xfdeb2]
V  [jvm.dll+0xfde80]
C  [MSVCRT.dll+0x27fb8]
C  [kernel32.dll+0x1d33b]

Java frames: (J=compiled Java code, j=interpreted, Vv=VM code)
j  sun.awt.windows.WComponentPeer.nativeHandleEvent(Ljava/awt/AWTEvent;)V+0
j  sun.awt.windows.WComponentPeer.handleEvent(Ljava/awt/AWTEvent;)V+69
j  java.awt.Component.dispatchEventImpl(Ljava/awt/AWTEvent;)V+765
J  java.awt.EventQueue.dispatchEvent(Ljava/awt/AWTEvent;)V
J  java.awt.EventDispatchThread.pumpOneEventForHierarchy(ILjava/awt/Component;)Z
v  ~RuntimeStub::alignment_frame_return Runtime1 stub
j  java.awt.EventDispatchThread.pumpEventsForHierarchy(ILjava/awt/Conditional;Ljava/awt/Component;)V+26
j  java.awt.EventDispatchThread.pumpEvents(ILjava/awt/Conditional;)V+4
j  java.awt.EventDispatchThread.pumpEvents(Ljava/awt/Conditional;)V+3
j  java.awt.EventDispatchThread.run()V+9
v  ~StubRoutines::call_stub

---------------  P R O C E S S  ---------------

Java Threads: ( => current thread )
  0x03228aa0 JavaThread "Thread-0" [_thread_new, id=2984]
  0x0321acf8 JavaThread "Image Fetcher 0" daemon [_thread_blocked, id=2632]
  0x032ec7c8 JavaThread "TimerQueue" daemon [_thread_blocked, id=1720]
  0x00356da0 JavaThread "DestroyJavaVM" [_thread_blocked, id=456]
  0x031ee178 JavaThread "CPS Event Thread" [_thread_blocked, id=1668]
=>0x031dff00 JavaThread "AWT-EventQueue-0" [_thread_in_native, id=672]
  0x031d9058 JavaThread "Java2D Disposer" daemon [_thread_blocked, id=208]
  0x031d2338 JavaThread "AWT-Shutdown" [_thread_blocked, id=4012]
  0x009fba18 JavaThread "Low Memory Detector" daemon [_thread_blocked, id=2096]
  0x009fa5f0 JavaThread "CompilerThread0" daemon [_thread_blocked, id=4024]
  0x009f98e8 JavaThread "Signal Dispatcher" daemon [_thread_blocked, id=144]
  0x0035fc08 JavaThread "Finalizer" daemon [_thread_blocked, id=1884]
  0x009d6a90 JavaThread "Reference Handler" daemon [_thread_blocked, id=4068]

Other Threads:
  0x009f6db8 VMThread [id=2308]
  0x009fcc20 WatcherThread [id=692]

VM state:not at safepoint (normal execution)

VM Mutex/Monitor currently owned by a thread: None

Heap
 def new generation   total 576K, used 562K [0x22a60000, 0x22b00000, 0x22f40000)
  eden space 512K,  97% used [0x22a60000, 0x22adca78, 0x22ae0000)
  from space 64K, 100% used [0x22af0000, 0x22b00000, 0x22b00000)
  to   space 64K,   0% used [0x22ae0000, 0x22ae0000, 0x22af0000)
 tenured generation   total 5688K, used 4853K [0x22f40000, 0x234ce000, 0x26a60000)
   the space 5688K,  85% used [0x22f40000, 0x233fd558, 0x233fd600, 0x234ce000)
 compacting perm gen  total 8192K, used 3188K [0x26a60000, 0x27260000, 0x2aa60000)
   the space 8192K,  38% used [0x26a60000, 0x26d7d108, 0x26d7d200, 0x27260000)
    ro space 8192K,  66% used [0x2aa60000, 0x2afb0a70, 0x2afb0c00, 0x2b260000)
    rw space 12288K,  46% used [0x2b260000, 0x2b7f3ce0, 0x2b7f3e00, 0x2be60000)

Dynamic libraries:
0x00400000 - 0x0040c000 	C:\Program Files\Java\jdk1.5.0\bin\javaw.exe
0x77f50000 - 0x77ff7000 	C:\WINDOWS\System32\ntdll.dll
0x77e60000 - 0x77f46000 	C:\WINDOWS\system32\kernel32.dll
0x77dd0000 - 0x77e5d000 	C:\WINDOWS\system32\ADVAPI32.dll
0x78000000 - 0x78087000 	C:\WINDOWS\system32\RPCRT4.dll
0x77d40000 - 0x77dcc000 	C:\WINDOWS\system32\USER32.dll
0x7e090000 - 0x7e0d1000 	C:\WINDOWS\system32\GDI32.dll
0x77c10000 - 0x77c63000 	C:\WINDOWS\system32\MSVCRT.dll
0x6d630000 - 0x6d7b4000 	C:\Program Files\Java\jdk1.5.0\jre\bin\client\jvm.dll
0x76b40000 - 0x76b6c000 	C:\WINDOWS\System32\WINMM.dll
0x6d280000 - 0x6d288000 	C:\Program Files\Java\jdk1.5.0\jre\bin\hpi.dll
0x76bf0000 - 0x76bfb000 	C:\WINDOWS\System32\PSAPI.DLL
0x6d600000 - 0x6d60c000 	C:\Program Files\Java\jdk1.5.0\jre\bin\verify.dll
0x6d2f0000 - 0x6d30d000 	C:\Program Files\Java\jdk1.5.0\jre\bin\java.dll
0x6d620000 - 0x6d62f000 	C:\Program Files\Java\jdk1.5.0\jre\bin\zip.dll
0x6d000000 - 0x6d166000 	C:\Program Files\Java\jdk1.5.0\jre\bin\awt.dll
0x73000000 - 0x73023000 	C:\WINDOWS\System32\WINSPOOL.DRV
0x76390000 - 0x763ac000 	C:\WINDOWS\System32\IMM32.dll
0x771b0000 - 0x772d4000 	C:\WINDOWS\system32\ole32.dll
0x5ad70000 - 0x5ada4000 	C:\WINDOWS\System32\uxtheme.dll
0x73760000 - 0x737a4000 	C:\WINDOWS\System32\ddraw.dll
0x73bc0000 - 0x73bc6000 	C:\WINDOWS\System32\DCIMAN32.dll
0x73940000 - 0x73a07000 	C:\WINDOWS\System32\D3DIM700.DLL
0x74720000 - 0x74764000 	C:\WINDOWS\System32\MSCTF.dll
0x6d240000 - 0x6d27e000 	C:\Program Files\Java\jdk1.5.0\jre\bin\fontmanager.dll
0x773d0000 - 0x77bca000 	C:\WINDOWS\system32\shell32.dll
0x70a70000 - 0x70ad4000 	C:\WINDOWS\system32\SHLWAPI.dll
0x71950000 - 0x71a34000 	C:\WINDOWS\WinSxS\x86_Microsoft.Windows.Common-Controls_6595b64144ccf1df_6.0.2600.1515_x-ww_7bb98b8a\comctl32.dll
0x77340000 - 0x773cb000 	C:\WINDOWS\system32\comctl32.dll
0x77120000 - 0x771ab000 	C:\WINDOWS\system32\OLEAUT32.DLL
0x03d80000 - 0x03da9000 	C:\Project\CPS\VMDL\vmdl2\run\bcp.dll
0x6d4b0000 - 0x6d4c3000 	C:\Program Files\Java\jdk1.5.0\jre\bin\net.dll
0x71ab0000 - 0x71ac4000 	C:\WINDOWS\System32\WS2_32.dll
0x71aa0000 - 0x71aa8000 	C:\WINDOWS\System32\WS2HELP.dll
0x6d4d0000 - 0x6d4d9000 	C:\Program Files\Java\jdk1.5.0\jre\bin\nio.dll
0x6d1c0000 - 0x6d1e3000 	C:\Program Files\Java\jdk1.5.0\jre\bin\dcpr.dll
0x6d190000 - 0x6d1be000 	C:\Program Files\Java\jdk1.5.0\jre\bin\cmm.dll
0x763b0000 - 0x763f5000 	C:\WINDOWS\system32\COMDLG32.DLL
0x75f40000 - 0x75f5f000 	C:\WINDOWS\system32\appHelp.dll
0x7c890000 - 0x7c911000 	C:\WINDOWS\System32\CLBCATQ.DLL
0x77050000 - 0x77115000 	C:\WINDOWS\System32\COMRes.dll
0x77c00000 - 0x77c07000 	C:\WINDOWS\system32\VERSION.dll
0x76670000 - 0x76757000 	C:\WINDOWS\System32\SETUPAPI.dll
0x76990000 - 0x769b4000 	C:\WINDOWS\System32\ntshrui.dll
0x76b20000 - 0x76b35000 	C:\WINDOWS\System32\ATL.DLL
0x71c20000 - 0x71c6e000 	C:\WINDOWS\System32\NETAPI32.dll
0x75a70000 - 0x75b15000 	C:\WINDOWS\system32\USERENV.dll

VM Arguments:
jvm_args: -ea
java_command: org.cps.vmdl2.application.VMDL2Application

Environment Variables:
PATH=C:\WINDOWS\system32;C:\WINDOWS;C:\WINDOWS\System32\Wbem;C:\Program Files\Common Files\Autodesk Shared\;C:\Program Files\backburner 2\;C:\Program Files\Java\jdk1.5.0\bin\
USERNAME=Amit Bansil
OS=Windows_NT
PROCESSOR_IDENTIFIER=x86 Family 6 Model 4 Stepping 4, AuthenticAMD


---------------  S Y S T E M  ---------------

OS: Windows XP Build 2600 Service Pack 1

CPU:total 1 family 6, cmov, cx8, fxsr, mmx

Memory: 4k page, physical 523736k(82428k free), swap 1280492k(803696k free)

vm_info: Java HotSpot(TM) Client VM (1.5.0-beta2-b51) for windows-x86, built on May 13 2004 02:09:25 by "java_re" with MS VC++ 6.0

